2020-05-14 07:46:24.326  INFO 1 --- [main] base.app.config.Application              : Starting Application on 73c7f86baaa3 with PID 1 (/app/spring-boot/build/libs/spring-boot.jar started by root in /app/spring-boot/build/libs)
2020-05-14 07:46:24.614  INFO 1 --- [main] base.app.config.Application              : No active profile set, falling back to default profiles: default
2020-05-14 07:46:41.639  INFO 1 --- [main] o.s.b.w.embedded.tomcat.TomcatWebServer  : Tomcat initialized with port(s): 10001 (http)
2020-05-14 07:46:41.803  INFO 1 --- [main] o.apache.catalina.core.StandardService   : Starting service [Tomcat]
2020-05-14 07:46:41.811  INFO 1 --- [main] org.apache.catalina.core.StandardEngine  : Starting Servlet engine: [Apache Tomcat/9.0.31]
2020-05-14 07:46:42.546  INFO 1 --- [main] o.a.c.c.C.[Tomcat].[localhost].[/]       : Initializing Spring embedded WebApplicationContext
2020-05-14 07:46:42.563 DEBUG 1 --- [main] o.s.web.context.ContextLoader            : Published root WebApplicationContext as ServletContext attribute with name [org.springframework.web.context.WebApplicationContext.ROOT]
2020-05-14 07:46:42.565  INFO 1 --- [main] o.s.web.context.ContextLoader            : Root WebApplicationContext: initialization completed in 16690 ms
2020-05-14 07:46:46.467  INFO 1 --- [main] o.s.s.concurrent.ThreadPoolTaskExecutor  : Initializing ExecutorService 'applicationTaskExecutor'
2020-05-14 07:46:46.557 DEBUG 1 --- [main] s.w.s.m.m.a.RequestMappingHandlerAdapter : ControllerAdvice beans: 0 @ModelAttribute, 0 @InitBinder, 1 RequestBodyAdvice, 1 ResponseBodyAdvice
2020-05-14 07:46:47.190 DEBUG 1 --- [main] s.w.s.m.m.a.RequestMappingHandlerMapping : 2 mappings in 'requestMappingHandlerMapping'
2020-05-14 07:46:47.458 DEBUG 1 --- [main] o.s.w.s.handler.SimpleUrlHandlerMapping  : Patterns [/webjars/**, /**] in 'resourceHandlerMapping'
2020-05-14 07:46:47.724 DEBUG 1 --- [main] .m.m.a.ExceptionHandlerExceptionResolver : ControllerAdvice beans: 0 @ExceptionHandler, 1 ResponseBodyAdvice
2020-05-14 07:46:48.682  INFO 1 --- [main] o.s.b.a.e.web.EndpointLinksResolver      : Exposing 2 endpoint(s) beneath base path ''
2020-05-14 07:46:49.315  INFO 1 --- [main] o.s.b.w.embedded.tomcat.TomcatWebServer  : Tomcat started on port(s): 10001 (http) with context path ''
2020-05-14 07:46:49.345  INFO 1 --- [main] base.app.config.Application              : Started Application in 32.823 seconds (JVM running for 37.711)
2020-05-14 07:47:08.637  INFO 1 --- [SpringContextShutdownHook] o.s.s.concurrent.ThreadPoolTaskExecutor  : Shutting down ExecutorService 'applicationTaskExecutor'
2020-05-14 08:09:29.189  INFO 1 --- [main] base.app.config.Application              : Starting Application on 7184b5267443 with PID 1 (/app/spring-boot/build/libs/spring-boot.jar started by root in /app/spring-boot/build/libs)
2020-05-14 08:09:29.210  INFO 1 --- [main] base.app.config.Application              : No active profile set, falling back to default profiles: default
2020-05-14 08:09:29.243  INFO 1 --- [main] base.app.config.Application              : Starting Application on d0db86825758 with PID 1 (/app/spring-boot/build/libs/spring-boot.jar started by root in /app/spring-boot/build/libs)
2020-05-14 08:09:29.265  INFO 1 --- [main] base.app.config.Application              : No active profile set, falling back to default profiles: default
2020-05-14 08:09:29.334  INFO 1 --- [main] base.app.config.Application              : Starting Application on bdace7407a7e with PID 1 (/app/spring-boot/build/libs/spring-boot.jar started by root in /app/spring-boot/build/libs)
2020-05-14 08:09:29.369  INFO 1 --- [main] base.app.config.Application              : No active profile set, falling back to default profiles: default
2020-05-14 08:09:29.415  INFO 1 --- [main] base.app.config.Application              : Starting Application on 0ea1df8ea3c5 with PID 1 (/app/spring-boot/build/libs/spring-boot.jar started by root in /app/spring-boot/build/libs)
2020-05-14 08:09:29.455  INFO 1 --- [main] base.app.config.Application              : No active profile set, falling back to default profiles: default
2020-05-14 08:09:29.716  INFO 1 --- [main] base.app.config.Application              : Starting Application on 68b49bea90ac with PID 1 (/app/spring-boot/build/libs/spring-boot.jar started by root in /app/spring-boot/build/libs)
2020-05-14 08:09:29.758  INFO 1 --- [main] base.app.config.Application              : No active profile set, falling back to default profiles: default
2020-05-14 08:09:30.026  INFO 1 --- [main] base.app.config.Application              : Starting Application on 807fbf224b43 with PID 1 (/app/spring-boot/build/libs/spring-boot.jar started by root in /app/spring-boot/build/libs)
2020-05-14 08:09:30.071  INFO 1 --- [main] base.app.config.Application              : No active profile set, falling back to default profiles: default
2020-05-14 08:09:37.072  INFO 1 --- [main] o.s.b.w.embedded.tomcat.TomcatWebServer  : Tomcat initialized with port(s): 10001 (http)
2020-05-14 08:09:37.161  INFO 1 --- [main] o.apache.catalina.core.StandardService   : Starting service [Tomcat]
2020-05-14 08:09:37.171  INFO 1 --- [main] org.apache.catalina.core.StandardEngine  : Starting Servlet engine: [Apache Tomcat/9.0.31]
2020-05-14 08:09:37.185  INFO 1 --- [main] o.s.b.w.embedded.tomcat.TomcatWebServer  : Tomcat initialized with port(s): 10001 (http)
2020-05-14 08:09:37.213  INFO 1 --- [main] o.s.b.w.embedded.tomcat.TomcatWebServer  : Tomcat initialized with port(s): 10001 (http)
2020-05-14 08:09:37.271  INFO 1 --- [main] o.apache.catalina.core.StandardService   : Starting service [Tomcat]
2020-05-14 08:09:37.285  INFO 1 --- [main] org.apache.catalina.core.StandardEngine  : Starting Servlet engine: [Apache Tomcat/9.0.31]
2020-05-14 08:09:37.295  INFO 1 --- [main] o.apache.catalina.core.StandardService   : Starting service [Tomcat]
2020-05-14 08:09:37.300  INFO 1 --- [main] org.apache.catalina.core.StandardEngine  : Starting Servlet engine: [Apache Tomcat/9.0.31]
2020-05-14 08:09:37.524  INFO 1 --- [main] o.a.c.c.C.[Tomcat].[localhost].[/]       : Initializing Spring embedded WebApplicationContext
2020-05-14 08:09:37.530 DEBUG 1 --- [main] o.s.web.context.ContextLoader            : Published root WebApplicationContext as ServletContext attribute with name [org.springframework.web.context.WebApplicationContext.ROOT]
2020-05-14 08:09:37.533  INFO 1 --- [main] o.s.web.context.ContextLoader            : Root WebApplicationContext: initialization completed in 7714 ms
2020-05-14 08:09:37.613  INFO 1 --- [main] o.a.c.c.C.[Tomcat].[localhost].[/]       : Initializing Spring embedded WebApplicationContext
2020-05-14 08:09:37.634 DEBUG 1 --- [main] o.s.web.context.ContextLoader            : Published root WebApplicationContext as ServletContext attribute with name [org.springframework.web.context.WebApplicationContext.ROOT]
2020-05-14 08:09:37.636  INFO 1 --- [main] o.s.web.context.ContextLoader            : Root WebApplicationContext: initialization completed in 7995 ms
2020-05-14 08:09:37.656  INFO 1 --- [main] o.s.b.w.embedded.tomcat.TomcatWebServer  : Tomcat initialized with port(s): 10001 (http)
2020-05-14 08:09:37.662  INFO 1 --- [main] o.a.c.c.C.[Tomcat].[localhost].[/]       : Initializing Spring embedded WebApplicationContext
2020-05-14 08:09:37.669 DEBUG 1 --- [main] o.s.web.context.ContextLoader            : Published root WebApplicationContext as ServletContext attribute with name [org.springframework.web.context.WebApplicationContext.ROOT]
2020-05-14 08:09:37.670  INFO 1 --- [main] o.s.web.context.ContextLoader            : Root WebApplicationContext: initialization completed in 7961 ms
2020-05-14 08:09:37.720  INFO 1 --- [main] o.apache.catalina.core.StandardService   : Starting service [Tomcat]
2020-05-14 08:09:37.736  INFO 1 --- [main] org.apache.catalina.core.StandardEngine  : Starting Servlet engine: [Apache Tomcat/9.0.31]
2020-05-14 08:09:37.782  INFO 1 --- [main] o.s.b.w.embedded.tomcat.TomcatWebServer  : Tomcat initialized with port(s): 10001 (http)
2020-05-14 08:09:37.858  INFO 1 --- [main] o.apache.catalina.core.StandardService   : Starting service [Tomcat]
2020-05-14 08:09:37.876  INFO 1 --- [main] org.apache.catalina.core.StandardEngine  : Starting Servlet engine: [Apache Tomcat/9.0.31]
2020-05-14 08:09:38.084  INFO 1 --- [main] o.a.c.c.C.[Tomcat].[localhost].[/]       : Initializing Spring embedded WebApplicationContext
2020-05-14 08:09:38.092 DEBUG 1 --- [main] o.s.web.context.ContextLoader            : Published root WebApplicationContext as ServletContext attribute with name [org.springframework.web.context.WebApplicationContext.ROOT]
2020-05-14 08:09:38.093  INFO 1 --- [main] o.s.web.context.ContextLoader            : Root WebApplicationContext: initialization completed in 8203 ms
2020-05-14 08:09:38.104  INFO 1 --- [main] o.s.b.w.embedded.tomcat.TomcatWebServer  : Tomcat initialized with port(s): 10001 (http)
2020-05-14 08:09:38.181  INFO 1 --- [main] o.apache.catalina.core.StandardService   : Starting service [Tomcat]
2020-05-14 08:09:38.184  INFO 1 --- [main] org.apache.catalina.core.StandardEngine  : Starting Servlet engine: [Apache Tomcat/9.0.31]
2020-05-14 08:09:38.238  INFO 1 --- [main] o.a.c.c.C.[Tomcat].[localhost].[/]       : Initializing Spring embedded WebApplicationContext
2020-05-14 08:09:38.240 DEBUG 1 --- [main] o.s.web.context.ContextLoader            : Published root WebApplicationContext as ServletContext attribute with name [org.springframework.web.context.WebApplicationContext.ROOT]
2020-05-14 08:09:38.241  INFO 1 --- [main] o.s.web.context.ContextLoader            : Root WebApplicationContext: initialization completed in 8017 ms
2020-05-14 08:09:38.534  INFO 1 --- [main] o.a.c.c.C.[Tomcat].[localhost].[/]       : Initializing Spring embedded WebApplicationContext
2020-05-14 08:09:38.539 DEBUG 1 --- [main] o.s.web.context.ContextLoader            : Published root WebApplicationContext as ServletContext attribute with name [org.springframework.web.context.WebApplicationContext.ROOT]
2020-05-14 08:09:38.540  INFO 1 --- [main] o.s.web.context.ContextLoader            : Root WebApplicationContext: initialization completed in 7968 ms
2020-05-14 08:09:39.389  INFO 1 --- [main] o.s.s.concurrent.ThreadPoolTaskExecutor  : Initializing ExecutorService 'applicationTaskExecutor'
2020-05-14 08:09:39.400  INFO 1 --- [main] o.s.s.concurrent.ThreadPoolTaskExecutor  : Initializing ExecutorService 'applicationTaskExecutor'
2020-05-14 08:09:39.438 DEBUG 1 --- [main] s.w.s.m.m.a.RequestMappingHandlerAdapter : ControllerAdvice beans: 0 @ModelAttribute, 0 @InitBinder, 1 RequestBodyAdvice, 1 ResponseBodyAdvice
2020-05-14 08:09:39.457 DEBUG 1 --- [main] s.w.s.m.m.a.RequestMappingHandlerAdapter : ControllerAdvice beans: 0 @ModelAttribute, 0 @InitBinder, 1 RequestBodyAdvice, 1 ResponseBodyAdvice
2020-05-14 08:09:39.649  INFO 1 --- [main] o.s.s.concurrent.ThreadPoolTaskExecutor  : Initializing ExecutorService 'applicationTaskExecutor'
2020-05-14 08:09:39.698 DEBUG 1 --- [main] s.w.s.m.m.a.RequestMappingHandlerAdapter : ControllerAdvice beans: 0 @ModelAttribute, 0 @InitBinder, 1 RequestBodyAdvice, 1 ResponseBodyAdvice
2020-05-14 08:09:39.810 DEBUG 1 --- [main] s.w.s.m.m.a.RequestMappingHandlerMapping : 2 mappings in 'requestMappingHandlerMapping'
2020-05-14 08:09:39.818 DEBUG 1 --- [main] s.w.s.m.m.a.RequestMappingHandlerMapping : 2 mappings in 'requestMappingHandlerMapping'
2020-05-14 08:09:39.972 DEBUG 1 --- [main] o.s.w.s.handler.SimpleUrlHandlerMapping  : Patterns [/webjars/**, /**] in 'resourceHandlerMapping'
2020-05-14 08:09:39.976 DEBUG 1 --- [main] o.s.w.s.handler.SimpleUrlHandlerMapping  : Patterns [/webjars/**, /**] in 'resourceHandlerMapping'
2020-05-14 08:09:39.993  INFO 1 --- [main] o.s.s.concurrent.ThreadPoolTaskExecutor  : Initializing ExecutorService 'applicationTaskExecutor'
2020-05-14 08:09:40.025 DEBUG 1 --- [main] .m.m.a.ExceptionHandlerExceptionResolver : ControllerAdvice beans: 0 @ExceptionHandler, 1 ResponseBodyAdvice
2020-05-14 08:09:40.042 DEBUG 1 --- [main] .m.m.a.ExceptionHandlerExceptionResolver : ControllerAdvice beans: 0 @ExceptionHandler, 1 ResponseBodyAdvice
2020-05-14 08:09:40.045 DEBUG 1 --- [main] s.w.s.m.m.a.RequestMappingHandlerAdapter : ControllerAdvice beans: 0 @ModelAttribute, 0 @InitBinder, 1 RequestBodyAdvice, 1 ResponseBodyAdvice
2020-05-14 08:09:40.073 DEBUG 1 --- [main] s.w.s.m.m.a.RequestMappingHandlerMapping : 2 mappings in 'requestMappingHandlerMapping'
2020-05-14 08:09:40.173  INFO 1 --- [main] o.s.s.concurrent.ThreadPoolTaskExecutor  : Initializing ExecutorService 'applicationTaskExecutor'
2020-05-14 08:09:40.214 DEBUG 1 --- [main] s.w.s.m.m.a.RequestMappingHandlerAdapter : ControllerAdvice beans: 0 @ModelAttribute, 0 @InitBinder, 1 RequestBodyAdvice, 1 ResponseBodyAdvice
2020-05-14 08:09:40.227 DEBUG 1 --- [main] o.s.w.s.handler.SimpleUrlHandlerMapping  : Patterns [/webjars/**, /**] in 'resourceHandlerMapping'
2020-05-14 08:09:40.271 DEBUG 1 --- [main] .m.m.a.ExceptionHandlerExceptionResolver : ControllerAdvice beans: 0 @ExceptionHandler, 1 ResponseBodyAdvice
2020-05-14 08:09:40.397 DEBUG 1 --- [main] s.w.s.m.m.a.RequestMappingHandlerMapping : 2 mappings in 'requestMappingHandlerMapping'
2020-05-14 08:09:40.560  INFO 1 --- [main] o.s.s.concurrent.ThreadPoolTaskExecutor  : Initializing ExecutorService 'applicationTaskExecutor'
2020-05-14 08:09:40.557  INFO 1 --- [main] o.s.b.a.e.web.EndpointLinksResolver      : Exposing 2 endpoint(s) beneath base path ''
2020-05-14 08:09:40.582 DEBUG 1 --- [main] s.w.s.m.m.a.RequestMappingHandlerMapping : 2 mappings in 'requestMappingHandlerMapping'
2020-05-14 08:09:40.614 DEBUG 1 --- [main] o.s.w.s.handler.SimpleUrlHandlerMapping  : Patterns [/webjars/**, /**] in 'resourceHandlerMapping'
2020-05-14 08:09:40.632 DEBUG 1 --- [main] s.w.s.m.m.a.RequestMappingHandlerAdapter : ControllerAdvice beans: 0 @ModelAttribute, 0 @InitBinder, 1 RequestBodyAdvice, 1 ResponseBodyAdvice
2020-05-14 08:09:40.623  INFO 1 --- [main] o.s.b.a.e.web.EndpointLinksResolver      : Exposing 2 endpoint(s) beneath base path ''
2020-05-14 08:09:40.669 DEBUG 1 --- [main] .m.m.a.ExceptionHandlerExceptionResolver : ControllerAdvice beans: 0 @ExceptionHandler, 1 ResponseBodyAdvice
2020-05-14 08:09:40.744 DEBUG 1 --- [main] o.s.w.s.handler.SimpleUrlHandlerMapping  : Patterns [/webjars/**, /**] in 'resourceHandlerMapping'
2020-05-14 08:09:40.791  INFO 1 --- [main] o.s.b.a.e.web.EndpointLinksResolver      : Exposing 2 endpoint(s) beneath base path ''
2020-05-14 08:09:40.800 DEBUG 1 --- [main] .m.m.a.ExceptionHandlerExceptionResolver : ControllerAdvice beans: 0 @ExceptionHandler, 1 ResponseBodyAdvice
2020-05-14 08:09:40.872  INFO 1 --- [main] o.s.b.w.embedded.tomcat.TomcatWebServer  : Tomcat started on port(s): 10001 (http) with context path ''
2020-05-14 08:09:40.883  INFO 1 --- [main] base.app.config.Application              : Started Application in 15.099 seconds (JVM running for 17.985)
2020-05-14 08:09:41.022  INFO 1 --- [main] o.s.b.w.embedded.tomcat.TomcatWebServer  : Tomcat started on port(s): 10001 (http) with context path ''
2020-05-14 08:09:41.062  INFO 1 --- [main] base.app.config.Application              : Started Application in 15.229 seconds (JVM running for 18.165)
2020-05-14 08:09:41.059 DEBUG 1 --- [main] s.w.s.m.m.a.RequestMappingHandlerMapping : 2 mappings in 'requestMappingHandlerMapping'
2020-05-14 08:09:41.136  INFO 1 --- [main] o.s.b.w.embedded.tomcat.TomcatWebServer  : Tomcat started on port(s): 10001 (http) with context path ''
2020-05-14 08:09:41.151  INFO 1 --- [main] base.app.config.Application              : Started Application in 15.258 seconds (JVM running for 18.191)
2020-05-14 08:09:41.179  INFO 1 --- [main] o.s.b.a.e.web.EndpointLinksResolver      : Exposing 2 endpoint(s) beneath base path ''
2020-05-14 08:09:41.218 DEBUG 1 --- [main] o.s.w.s.handler.SimpleUrlHandlerMapping  : Patterns [/webjars/**, /**] in 'resourceHandlerMapping'
2020-05-14 08:09:41.265 DEBUG 1 --- [main] .m.m.a.ExceptionHandlerExceptionResolver : ControllerAdvice beans: 0 @ExceptionHandler, 1 ResponseBodyAdvice
2020-05-14 08:09:41.319  INFO 1 --- [main] o.s.b.a.e.web.EndpointLinksResolver      : Exposing 2 endpoint(s) beneath base path ''
2020-05-14 08:09:41.483  INFO 1 --- [main] o.s.b.w.embedded.tomcat.TomcatWebServer  : Tomcat started on port(s): 10001 (http) with context path ''
2020-05-14 08:09:41.493  INFO 1 --- [main] base.app.config.Application              : Started Application in 15.713 seconds (JVM running for 18.516)
2020-05-14 08:09:41.640  INFO 1 --- [main] o.s.b.w.embedded.tomcat.TomcatWebServer  : Tomcat started on port(s): 10001 (http) with context path ''
2020-05-14 08:09:41.643  INFO 1 --- [main] base.app.config.Application              : Started Application in 15.16 seconds (JVM running for 17.757)
2020-05-14 08:09:41.692  INFO 1 --- [main] o.s.b.a.e.web.EndpointLinksResolver      : Exposing 2 endpoint(s) beneath base path ''
2020-05-14 08:09:41.809  INFO 1 --- [main] o.s.b.w.embedded.tomcat.TomcatWebServer  : Tomcat started on port(s): 10001 (http) with context path ''
2020-05-14 08:09:41.812  INFO 1 --- [main] base.app.config.Application              : Started Application in 15.048 seconds (JVM running for 17.639)
2020-05-14 08:09:46.901  INFO 1 --- [http-nio-10001-exec-1] o.a.c.c.C.[Tomcat].[localhost].[/]       : Initializing Spring DispatcherServlet 'dispatcherServlet'
2020-05-14 08:09:46.903  INFO 1 --- [http-nio-10001-exec-1] o.s.web.servlet.DispatcherServlet        : Initializing Servlet 'dispatcherServlet'
2020-05-14 08:09:46.904 DEBUG 1 --- [http-nio-10001-exec-1] o.s.web.servlet.DispatcherServlet        : Detected StandardServletMultipartResolver
2020-05-14 08:09:46.917 DEBUG 1 --- [http-nio-10001-exec-1] o.s.web.servlet.DispatcherServlet        : enableLoggingRequestDetails='false': request parameters and headers will be masked to prevent unsafe logging of potentially sensitive data
2020-05-14 08:09:46.918  INFO 1 --- [http-nio-10001-exec-1] o.s.web.servlet.DispatcherServlet        : Completed initialization in 14 ms
2020-05-14 08:09:46.931 DEBUG 1 --- [http-nio-10001-exec-1] o.s.web.servlet.DispatcherServlet        : GET "/health", parameters={}
2020-05-14 08:09:46.976 DEBUG 1 --- [http-nio-10001-exec-1] o.s.w.s.m.m.a.HttpEntityMethodProcessor  : Using 'application/vnd.spring-boot.actuator.v3+json;q=0.8', given [text/html, application/xhtml+xml, image/webp, image/apng, application/xml;q=0.9, application/signed-exchange;v=b3;q=0.9, */*;q=0.8] and supported [application/vnd.spring-boot.actuator.v3+json, application/vnd.spring-boot.actuator.v2+json, application/json]
2020-05-14 08:09:47.017 DEBUG 1 --- [http-nio-10001-exec-1] o.s.w.s.m.m.a.HttpEntityMethodProcessor  : Writing [org.springframework.boot.actuate.health.SystemHealth@368e497a]
2020-05-14 08:09:47.033 DEBUG 1 --- [http-nio-10001-exec-1] o.s.web.servlet.DispatcherServlet        : Completed 200 OK
2020-05-14 08:09:47.370  INFO 1 --- [http-nio-10001-exec-1] o.a.c.c.C.[Tomcat].[localhost].[/]       : Initializing Spring DispatcherServlet 'dispatcherServlet'
2020-05-14 08:09:47.372  INFO 1 --- [http-nio-10001-exec-1] o.s.web.servlet.DispatcherServlet        : Initializing Servlet 'dispatcherServlet'
2020-05-14 08:09:47.373 DEBUG 1 --- [http-nio-10001-exec-1] o.s.web.servlet.DispatcherServlet        : Detected StandardServletMultipartResolver
2020-05-14 08:09:47.389 DEBUG 1 --- [http-nio-10001-exec-1] o.s.web.servlet.DispatcherServlet        : enableLoggingRequestDetails='false': request parameters and headers will be masked to prevent unsafe logging of potentially sensitive data
2020-05-14 08:09:47.395  INFO 1 --- [http-nio-10001-exec-1] o.s.web.servlet.DispatcherServlet        : Completed initialization in 22 ms
2020-05-14 08:09:47.410 DEBUG 1 --- [http-nio-10001-exec-1] o.s.web.servlet.DispatcherServlet        : GET "/favicon.ico", parameters={}
2020-05-14 08:09:47.430 DEBUG 1 --- [http-nio-10001-exec-1] o.s.w.s.handler.SimpleUrlHandlerMapping  : Mapped to ResourceHttpRequestHandler ["classpath:/META-INF/resources/", "classpath:/resources/", "classpath:/static/", "classpath:/public/", "/"]
2020-05-14 08:09:47.440 DEBUG 1 --- [http-nio-10001-exec-1] o.s.w.s.r.ResourceHttpRequestHandler     : Resource not found
2020-05-14 08:09:47.448 DEBUG 1 --- [http-nio-10001-exec-1] o.s.web.servlet.DispatcherServlet        : Completed 404 NOT_FOUND
2020-05-14 08:09:47.456 DEBUG 1 --- [http-nio-10001-exec-1] o.s.web.servlet.DispatcherServlet        : "ERROR" dispatch for GET "/error", parameters={}
2020-05-14 08:09:47.460 DEBUG 1 --- [http-nio-10001-exec-1] s.w.s.m.m.a.RequestMappingHandlerMapping : Mapped to org.springframework.boot.autoconfigure.web.servlet.error.BasicErrorController#error(HttpServletRequest)
2020-05-14 08:09:47.513 DEBUG 1 --- [http-nio-10001-exec-1] o.s.w.s.m.m.a.HttpEntityMethodProcessor  : Using 'application/json;q=0.8', given [image/webp, image/apng, image/*, */*;q=0.8] and supported [application/json, application/*+json, application/json, application/*+json]
2020-05-14 08:09:47.515 DEBUG 1 --- [http-nio-10001-exec-1] o.s.w.s.m.m.a.HttpEntityMethodProcessor  : Writing [{timestamp=Thu May 14 08:09:47 UTC 2020, status=404, error=Not Found, message=No message available,  (truncated)...]
2020-05-14 08:09:47.582 DEBUG 1 --- [http-nio-10001-exec-1] o.s.web.servlet.DispatcherServlet        : Exiting from "ERROR" dispatch, status 404
2020-05-14 08:10:16.602  INFO 1 --- [SpringContextShutdownHook] o.s.s.concurrent.ThreadPoolTaskExecutor  : Shutting down ExecutorService 'applicationTaskExecutor'
2020-05-14 08:10:16.612  INFO 1 --- [SpringContextShutdownHook] o.s.s.concurrent.ThreadPoolTaskExecutor  : Shutting down ExecutorService 'applicationTaskExecutor'
2020-05-14 08:10:16.622  INFO 1 --- [SpringContextShutdownHook] o.s.s.concurrent.ThreadPoolTaskExecutor  : Shutting down ExecutorService 'applicationTaskExecutor'
2020-05-14 08:10:16.626  INFO 1 --- [SpringContextShutdownHook] o.s.s.concurrent.ThreadPoolTaskExecutor  : Shutting down ExecutorService 'applicationTaskExecutor'
2020-05-14 08:10:16.630  INFO 1 --- [SpringContextShutdownHook] o.s.s.concurrent.ThreadPoolTaskExecutor  : Shutting down ExecutorService 'applicationTaskExecutor'
2020-05-14 08:10:16.634  INFO 1 --- [SpringContextShutdownHook] o.s.s.concurrent.ThreadPoolTaskExecutor  : Shutting down ExecutorService 'applicationTaskExecutor'
